build/app/intermediates/manifest_merge_blame_file/debug/manifest-merger-blame-debug-report.txt
1<?xml version="1.0" encoding="utf-8"?>
2<manifest xmlns:android="http://schemas.android.com/apk/res/android"
3    package="com.example.parichay_card"
4    android:versionCode="1"
5    android:versionName="1.0.0" >
6
7    <uses-sdk
8        android:minSdkVersion="16"
9        android:targetSdkVersion="33" />
10    <!--
11         The INTERNET permission is required for development. Specifically,
12         the Flutter tool needs it to communicate with the running application
13         to allow setting breakpoints, to provide hot reload, etc.
14    -->
15    <uses-permission android:name="android.permission.INTERNET" />
15-->src\debug\AndroidManifest.xml:6:5-66
15-->src\debug\AndroidManifest.xml:6:22-64
16    <uses-permission android:name="android.permission.READ_CONTACTS" />
16-->src\main\AndroidManifest.xml:2:5-72
16-->src\main\AndroidManifest.xml:2:22-69
17
18    <queries>
18-->[:contacts_service] AndroidManifest.xml:9:5-22:15
19        <intent>
19-->[:contacts_service] AndroidManifest.xml:10:9-12:18
20            <action android:name="android.accounts.AccountAuthenticator" />
20-->[:contacts_service] AndroidManifest.xml:11:13-76
20-->[:contacts_service] AndroidManifest.xml:11:21-73
21        </intent>
22        <!-- Allows the app to load an icon corresponding to the custom MIME type. -->
23        <intent>
23-->[:contacts_service] AndroidManifest.xml:14:9-21:18
24            <action android:name="android.intent.action.VIEW" />
24-->[:contacts_service] AndroidManifest.xml:15:13-65
24-->[:contacts_service] AndroidManifest.xml:15:21-62
25
26            <data
26-->[:contacts_service] AndroidManifest.xml:17:13-20:44
27                android:host="com.android.contacts"
27-->[:contacts_service] AndroidManifest.xml:18:17-52
28                android:mimeType="vnd.android.cursor.item/*"
28-->[:contacts_service] AndroidManifest.xml:19:17-61
29                android:scheme="content" />
29-->[:contacts_service] AndroidManifest.xml:20:17-41
30        </intent>
31    </queries>
32
33    <application
34        android:name="android.app.Application"
35        android:appComponentFactory="androidx.core.app.CoreComponentFactory"
35-->[androidx.core:core:1.6.0] AndroidManifest.xml:24:18-86
36        android:debuggable="true"
37        android:icon="@mipmap/ic_launcher"
38        android:label="parichay_card" >
39        <activity
40            android:name="com.example.parichay_card.MainActivity"
41            android:configChanges="orientation|keyboardHidden|keyboard|screenSize|smallestScreenSize|locale|layoutDirection|fontScale|screenLayout|density|uiMode"
42            android:exported="true"
43            android:hardwareAccelerated="true"
44            android:launchMode="singleTop"
45            android:theme="@style/LaunchTheme"
46            android:windowSoftInputMode="adjustResize" >
47
48            <!--
49                 Specifies an Android theme to apply to this Activity as soon as
50                 the Android process has started. This theme is visible to the user
51                 while the Flutter UI initializes. After that, this theme continues
52                 to determine the Window background behind the Flutter UI.
53            -->
54            <meta-data
55                android:name="io.flutter.embedding.android.NormalTheme"
56                android:resource="@style/NormalTheme" />
57
58            <intent-filter>
59                <action android:name="android.intent.action.MAIN" />
60
61                <category android:name="android.intent.category.LAUNCHER" />
62            </intent-filter>
63        </activity>
64        <!--
65             Don't delete the meta-data below.
66             This is used by the Flutter tool to generate GeneratedPluginRegistrant.java
67        -->
68        <meta-data
69            android:name="flutterEmbedding"
70            android:value="2" />
71
72        <uses-library
72-->[androidx.window:window:1.0.0-beta04] AndroidManifest.xml:25:9-27:40
73            android:name="androidx.window.extensions"
73-->[androidx.window:window:1.0.0-beta04] AndroidManifest.xml:26:13-54
74            android:required="false" />
74-->[androidx.window:window:1.0.0-beta04] AndroidManifest.xml:27:13-37
75        <uses-library
75-->[androidx.window:window:1.0.0-beta04] AndroidManifest.xml:28:9-30:40
76            android:name="androidx.window.sidecar"
76-->[androidx.window:window:1.0.0-beta04] AndroidManifest.xml:29:13-51
77            android:required="false" />
77-->[androidx.window:window:1.0.0-beta04] AndroidManifest.xml:30:13-37
78    </application>
79
80</manifest>